Image SKH0201_H_ca.19740000_Pruscha saved to C:\Users\l7d\Seafile\Transfers\Downloads\SKH0201/SKH0201_H_ca.19740000_Pruscha.jpg.
Image CHO0100_H_NA_Huntington saved to C:\Users\l7d\Seafile\Transfers\Downloads\CHO0100/CHO0100_H_NA_Huntington.jpg.
Image LAL1860_H_20110000_02 saved to C:\Users\l7d\Seafile\Transfers\Downloads\LAL1860/LAL1860_H_20110000_02.jpg.
Image LAL1860_H_ca._19740000_01 saved to C:\Users\l7d\Seafile\Transfers\Downloads\LAL1860/LAL1860_H_ca._19740000_01.jpg.
Image LAL1350_H_20140218_Schroeder cannot be found on DANAM!
Image LAL1530_H_1980_Jürgen_Schick cannot be found on DANAM!
Image KIR4012_H_ca.1974_Pruscha saved to C:\Users\l7d\Seafile\Transfers\Downloads\KIR4012/KIR4012_H_ca.1974_Pruscha.jpg.
Image LAL1430_H_ca.1970 saved to C:\Users\l7d\Seafile\Transfers\Downloads\LAL1430/LAL1430_H_ca.1970.jpg.
Image LAL1600_H_ca.1970 saved to C:\Users\l7d\Seafile\Transfers\Downloads\LAL1600/LAL1600_H_ca.1970.jpg.
Image KIR0005_H_ca.19740000_01 saved to C:\Users\l7d\Seafile\Transfers\Downloads\KIR0005/KIR0005_H_ca.19740000_01.jpg.
Image KIR0006_H_NA_Schroeder cannot be found on DANAM!
Image KIR0055_H_20100601_Schroeder saved to C:\Users\l7d\Seafile\Transfers\Downloads\KIR0055/KIR0055_H_20100601_Schroeder.jpg.
Image BKT0092_H_ca.1984_Huntington cannot be found on DANAM!
Image LAL1660_H_ca.1974_Pruscha saved to C:\Users\l7d\Seafile\Transfers\Downloads\LAL1660/LAL1660_H_ca.1974_Pruscha.jpg.
Image LAL1220_H_ca.1970 saved to C:\Users\l7d\Seafile\Transfers\Downloads\LAL1220/LAL1220_H_ca.1970.jpg.
Image LAL1220_H_1963_Archaeological_Survey_of_India saved to C:\Users\l7d\Seafile\Transfers\Downloads\LAL1220/LAL1220_H_1963_Archaeological_Survey_of_India.jpg.
Image SKH0170_H_ca.19740000_01 saved to C:\Users\l7d\Seafile\Transfers\Downloads\SKH0170/SKH0170_H_ca.19740000_01.jpg.
Image LAL4013_H_2015-03 saved to C:\Users\l7d\Seafile\Transfers\Downloads\LAL4013/LAL4013_H_2015-03.jpg.
Image KIR0059_H_2014_Sunil_Dangol saved to C:\Users\l7d\Seafile\Transfers\Downloads\KIR0059/KIR0059_H_2014_Sunil_Dangol.jpg.
Image KIR0059_H_2014_Sunil_Dangol_01 saved to C:\Users\l7d\Seafile\Transfers\Downloads\KIR0059/KIR0059_H_2014_Sunil_Dangol_01.jpg.
Image LAL1770_H_20130824_Sunil_Dangol saved to C:\Users\l7d\Seafile\Transfers\Downloads\LAL1770/LAL1770_H_20130824_Sunil_Dangol.jpg.
Image LAL1030_H_1963_Archaeological_Survey_of_India saved to C:\Users\l7d\Seafile\Transfers\Downloads\LAL1030/LAL1030_H_1963_Archaeological_Survey_of_India.jpg.
Image LAL1660_H_1976_Schroeder_01 saved to C:\Users\l7d\Seafile\Transfers\Downloads\LAL1660/LAL1660_H_1976_Schroeder_01.jpg.
Image LAL0104_H_20120827_Schroeder cannot be found on DANAM!
Image LAL1030_H_1963_Archaeological_Survey_of_India saved to C:\Users\l7d\Seafile\Transfers\Downloads\LAL1030/LAL1030_H_1963_Archaeological_Survey_of_India.jpg.
Image LAL1030_H_1976_Schroeder_05 saved to C:\Users\l7d\Seafile\Transfers\Downloads\LAL1030/LAL1030_H_1976_Schroeder_05.jpg.
Image LAL1030_H_1976_Schroeder_04 saved to C:\Users\l7d\Seafile\Transfers\Downloads\LAL1030/LAL1030_H_1976_Schroeder_04.jpg.
Image LAL1030_H_1976_Schroeder_03 saved to C:\Users\l7d\Seafile\Transfers\Downloads\LAL1030/LAL1030_H_1976_Schroeder_03.jpg.
Image LAL1030_H_1976_Schroeder_01 saved to C:\Users\l7d\Seafile\Transfers\Downloads\LAL1030/LAL1030_H_1976_Schroeder_01.jpg.
Image LAL1030_H_1976_Schroeder_02 saved to C:\Users\l7d\Seafile\Transfers\Downloads\LAL1030/LAL1030_H_1976_Schroeder_02.jpg.
Image LAL1051_H_20120827_Schroeder cannot be found on DANAM!
Image KIR0001_H_20140820_Sunil_Dangol saved to C:\Users\l7d\Seafile\Transfers\Downloads\KIR0001/KIR0001_H_20140820_Sunil_Dangol.jpg.
Image KIR0001_H_20110727_Schroeder saved to C:\Users\l7d\Seafile\Transfers\Downloads\KIR0001/KIR0001_H_20110727_Schroeder.jpg.
Image KIR0001_H_20110727_Schroeder_01 saved to C:\Users\l7d\Seafile\Transfers\Downloads\KIR0001/KIR0001_H_20110727_Schroeder_01.jpg.
Image SKH0010_H_20120725_Schroeder_04 cannot be found on DANAM!
Image SKH0010_H_20120725_Schroeder_03 saved to C:\Users\l7d\Seafile\Transfers\Downloads\SKH0010/SKH0010_H_20120725_Schroeder_03.jpg.
Image LAL1530_H_1980_Jürgen_Schick cannot be found on DANAM!
Image SAT0021_H_20141116_Sunil_Dangol saved to C:\Users\l7d\Seafile\Transfers\Downloads\SAT0021/SAT0021_H_20141116_Sunil_Dangol.jpg.
Image LAL0990_H_1976_Schroeder saved to C:\Users\l7d\Seafile\Transfers\Downloads\LAL0990/LAL0990_H_1976_Schroeder.jpg.
Image LAL1190_H_1976_Schroeder_01 saved to C:\Users\l7d\Seafile\Transfers\Downloads\LAL1190/LAL1190_H_1976_Schroeder_01.jpg.
Image LAL1190_H_1976_Schroeder saved to C:\Users\l7d\Seafile\Transfers\Downloads\LAL1190/LAL1190_H_1976_Schroeder.jpg.
Image LAL1660_H_ca.1974_Pruscha saved to C:\Users\l7d\Seafile\Transfers\Downloads\LAL1660/LAL1660_H_ca.1974_Pruscha.jpg.
Image LAL1660_H_1976_Schroeder_01 saved to C:\Users\l7d\Seafile\Transfers\Downloads\LAL1660/LAL1660_H_1976_Schroeder_01.jpg.
Image BUN0001_H_ca.NA saved to C:\Users\l7d\Seafile\Transfers\Downloads\BUN0001/BUN0001_H_ca.NA.jpg.
Image LAL1240_H_ca._NA saved to C:\Users\l7d\Seafile\Transfers\Downloads\LAL1240/LAL1240_H_ca._NA.jpg.
Image KIR0006_H_NA_Schroeder cannot be found on DANAM!
Image KIR0055_H_20100601_Schroeder saved to C:\Users\l7d\Seafile\Transfers\Downloads\KIR0055/KIR0055_H_20100601_Schroeder.jpg.
Image KIR0055_H_20100531_Sunil_Dangol_02 saved to C:\Users\l7d\Seafile\Transfers\Downloads\KIR0055/KIR0055_H_20100531_Sunil_Dangol_02.jpg.
Image LAL1860_H_20110000_02 saved to C:\Users\l7d\Seafile\Transfers\Downloads\LAL1860/LAL1860_H_20110000_02.jpg.
Image LAL1860_H_ca._19740000_01 saved to C:\Users\l7d\Seafile\Transfers\Downloads\LAL1860/LAL1860_H_ca._19740000_01.jpg.
Image LAL1530_H_1980_Jürgen_Schick cannot be found on DANAM!
Image LAL1600_H_ca.1970 saved to C:\Users\l7d\Seafile\Transfers\Downloads\LAL1600/LAL1600_H_ca.1970.jpg.
Image SKH0170_H_ca.19740000_01 saved to C:\Users\l7d\Seafile\Transfers\Downloads\SKH0170/SKH0170_H_ca.19740000_01.jpg.
Image LAL1350_H_20140218_Schroeder_01 saved to C:\Users\l7d\Seafile\Transfers\Downloads\LAL1350/LAL1350_H_20140218_Schroeder_01.jpg.
Image LAL1350_H_20140218_Schroeder_02 saved to C:\Users\l7d\Seafile\Transfers\Downloads\LAL1350/LAL1350_H_20140218_Schroeder_02.jpg.
