Skipping this item because KAT1040 is not in mon_ids.txt.
Skipping this item because MUG0040 is not in mon_ids.txt.
Skipping this item because KAT0010 is not in mon_ids.txt.
Skipping this item because LAL1440 is not in mon_ids.txt.
Skipping this item because MUG0050 is not in mon_ids.txt.
Skipping this item because LAL2220 is not in mon_ids.txt.
Skipping this item because LAL1790 is not in mon_ids.txt.
Skipping this item because KAT3210 is not in mon_ids.txt.
Skipping this item because CHO0100 is not in mon_ids.txt.
Skipping this item because LAL4165 is not in mon_ids.txt.
Skipping this item because LAL4128 is not in mon_ids.txt.
Skipping this item because KIR0065 is not in mon_ids.txt.
Skipping this item because LAL2680 is not in mon_ids.txt.
Skipping this item because LAL0993 is not in mon_ids.txt.
Skipping this item because LAL1620 is not in mon_ids.txt.
Skipping this item because KIR0078 is not in mon_ids.txt.
Skipping this item because LAL1860 is not in mon_ids.txt.
Skipping this item because LAL1730 is not in mon_ids.txt.
Skipping this item because LAL2910 is not in mon_ids.txt.
Skipping this item because LAL4199 is not in mon_ids.txt.
Skipping this item because KIR0021 is not in mon_ids.txt.
Skipping this item because BUN4009 is not in mon_ids.txt.
Skipping this item because LAL1140 is not in mon_ids.txt.
Skipping this item because LAL2640 is not in mon_ids.txt.
Skipping this item because LAL4245 is not in mon_ids.txt.
Skipping this item because DLK0280 is not in mon_ids.txt.
Skipping this item because LAL2440 is not in mon_ids.txt.
Skipping this item because KAT0970 is not in mon_ids.txt.
Skipping this item because KAT2572 is not in mon_ids.txt.
Skipping this item because KAT3200 is not in mon_ids.txt.
Skipping this item because KIR0050 is not in mon_ids.txt.
Skipping this item because LAL2010 is not in mon_ids.txt.
Skipping this item because LAL1350 is not in mon_ids.txt.
Skipping this item because LAL1060 is not in mon_ids.txt.
Skipping this item because LAL2240 is not in mon_ids.txt.
Skipping this item because LAL0279 is not in mon_ids.txt.
Skipping this item because LAL2350 is not in mon_ids.txt.
Skipping this item because LAL2030 is not in mon_ids.txt.
Skipping this item because LAL1550 is not in mon_ids.txt.
Skipping this item because SUN4230 is not in mon_ids.txt.
Skipping this item because KAT2630 is not in mon_ids.txt.
Skipping this item because BKT0400 is not in mon_ids.txt.
Skipping this item because LAL4087 is not in mon_ids.txt.
Skipping this item because LAL0520 is not in mon_ids.txt.
Skipping this item because LAL2620 is not in mon_ids.txt.
Skipping this item because LAL0760 is not in mon_ids.txt.
Skipping this item because DDL0010 is not in mon_ids.txt.
Skipping this item because LAL1020 is not in mon_ids.txt.
Skipping this item because LAL4236 is not in mon_ids.txt.
Skipping this item because KIR0001 is not in mon_ids.txt.
Skipping this item because KLK0210 is not in mon_ids.txt.
Skipping this item because KAT1150 is not in mon_ids.txt.
Skipping this item because LAL0370 is not in mon_ids.txt.
Skipping this item because LAL4216 is not in mon_ids.txt.
Skipping this item because LAL1460 is not in mon_ids.txt.
Skipping this item because LAL2560 is not in mon_ids.txt.
Skipping this item because LAL2370 is not in mon_ids.txt.
Skipping this item because KIR0011 is not in mon_ids.txt.
Skipping this item because LAL4219 is not in mon_ids.txt.
Skipping this item because LAL1840 is not in mon_ids.txt.
Skipping this item because LAL1780 is not in mon_ids.txt.
Skipping this item because KAT2570 is not in mon_ids.txt.
Skipping this item because LAL4076 is not in mon_ids.txt.
Skipping this item because LAL2530 is not in mon_ids.txt.
Skipping this item because LAL2420 is not in mon_ids.txt.
Skipping this item because KIR0020 is not in mon_ids.txt.
Skipping this item because SOL0120 is not in mon_ids.txt.
Skipping this item because LAL4006 is not in mon_ids.txt.
Skipping this item because KIR0017 is not in mon_ids.txt.
Skipping this item because LAL0822 is not in mon_ids.txt.
Skipping this item because LAL4142 is not in mon_ids.txt.
Skipping this item because LAL2590  is not in mon_ids.txt.
Skipping this item because LAL1090 is not in mon_ids.txt.
Skipping this item because KIR0003 is not in mon_ids.txt.
Skipping this item because LAL4101 is not in mon_ids.txt.
Skipping this item because DLK0310 is not in mon_ids.txt.
Skipping this item because KIR0009 is not in mon_ids.txt.
Skipping this item because KIR4001 is not in mon_ids.txt.
Skipping this item because LAL4103 is not in mon_ids.txt.
Skipping this item because LAL4190 is not in mon_ids.txt.
Skipping this item because LAL2290 is not in mon_ids.txt.
Skipping this item because KLK0180 is not in mon_ids.txt.
Skipping this item because KLK0110 is not in mon_ids.txt.
Skipping this item because LAL0081 is not in mon_ids.txt.
Skipping this item because LAL0145 is not in mon_ids.txt.
Skipping this item because KAT1000 is not in mon_ids.txt.
Skipping this item because LAL1470 is not in mon_ids.txt.
Skipping this item because LAL4209 is not in mon_ids.txt.
Skipping this item because LAL4310 is not in mon_ids.txt.
Skipping this item because KAT2636 is not in mon_ids.txt.
Skipping this item because LAL4196 is not in mon_ids.txt.
Skipping this item because LAL4075 is not in mon_ids.txt.
Skipping this item because LAL1530 is not in mon_ids.txt.
Skipping this item because LAL2000 is not in mon_ids.txt.
Skipping this item because KIR0002 is not in mon_ids.txt.
Skipping this item because  KAT2580  is not in mon_ids.txt.
Skipping this item because DLK0011 is not in mon_ids.txt.
Skipping this item because LAL2630 is not in mon_ids.txt.
Skipping this item because KAT3180 is not in mon_ids.txt.
Skipping this item because LAL0720 is not in mon_ids.txt.
Skipping this item because LAL0030 is not in mon_ids.txt.
Skipping this item because LAL0860 is not in mon_ids.txt.
Skipping this item because KAT1220 is not in mon_ids.txt.
Skipping this item because LAL2130 is not in mon_ids.txt.
Skipping this item because KIR0074 is not in mon_ids.txt.
Skipping this item because KIR0018 is not in mon_ids.txt.
Skipping this item because LAL2500 is not in mon_ids.txt.
Skipping this item because LAL0990 is not in mon_ids.txt.
Skipping this item because KAT1230  is not in mon_ids.txt.
Skipping this item because LAL4183 is not in mon_ids.txt.
Skipping this item because LAL4143 is not in mon_ids.txt.
Skipping this item because LAL1430 is not in mon_ids.txt.
Skipping this item because DLK0012 is not in mon_ids.txt.
Skipping this item because LAL4316 is not in mon_ids.txt.
Skipping this item because KAT0020 is not in mon_ids.txt.
Skipping this item because BTD0010 is not in mon_ids.txt.
Skipping this item because LAL0820 is not in mon_ids.txt.
Skipping this item because LAL2700 is not in mon_ids.txt.
Skipping this item because BKT0050 is not in mon_ids.txt.
Skipping this item because JUM0100 is not in mon_ids.txt.
Skipping this item because DDL0030 is not in mon_ids.txt.
Skipping this item because KAT2637 is not in mon_ids.txt.
Skipping this item because LAL1070 is not in mon_ids.txt.
Skipping this item because LAL2340 is not in mon_ids.txt.
Skipping this item because LAL4210 is not in mon_ids.txt.
Skipping this item because KIR0034 is not in mon_ids.txt.
Skipping this item because KAT3221 is not in mon_ids.txt.
Skipping this item because KIR0073 is not in mon_ids.txt.
Skipping this item because LAL2400 is not in mon_ids.txt.
Skipping this item because KAT0200  is not in mon_ids.txt.
Skipping this item because LAL4136 is not in mon_ids.txt.
Skipping this item because LAL4138 is not in mon_ids.txt.
Skipping this item because KIR0072 is not in mon_ids.txt.
Skipping this item because KIR0058 is not in mon_ids.txt.
Skipping this item because LAL2410 is not in mon_ids.txt.
Skipping this item because BKT0060 is not in mon_ids.txt.
Skipping this item because DLK0020 is not in mon_ids.txt.
Skipping this item because KIR0040 is not in mon_ids.txt.
Skipping this item because KAT0930 is not in mon_ids.txt.
Skipping this item because KAT0941 is not in mon_ids.txt.
Skipping this item because KIR0079 is not in mon_ids.txt.
Skipping this item because LAL1600 is not in mon_ids.txt.
Skipping this item because KLK0350 is not in mon_ids.txt.
Skipping this item because LAL0541 is not in mon_ids.txt.
Skipping this item because KAT1050 is not in mon_ids.txt.
Skipping this item because LAL4153 is not in mon_ids.txt.
Skipping this item because LAL1880 is not in mon_ids.txt.
Skipping this item because LAL4211 is not in mon_ids.txt.
Skipping this item because LAL2060 is not in mon_ids.txt.
Skipping this item because LAL1950 is not in mon_ids.txt.
Skipping this item because JUM0420 is not in mon_ids.txt.
Skipping this item because LAL0510 is not in mon_ids.txt.
Skipping this item because LAL0842 is not in mon_ids.txt.
Skipping this item because LAL4082 is not in mon_ids.txt.
Skipping this item because KIR4022 is not in mon_ids.txt.
Skipping this item because BAL0003 is not in mon_ids.txt.
Skipping this item because MUG0080 is not in mon_ids.txt.
Skipping this item because LAL1670 is not in mon_ids.txt.
Skipping this item because DLK0030 is not in mon_ids.txt.
Skipping this item because LAL2840 is not in mon_ids.txt.
Skipping this item because LAL1170  is not in mon_ids.txt.
Skipping this item because LAL4066 is not in mon_ids.txt.
Skipping this item because KIR0004 is not in mon_ids.txt.
Skipping this item because LAL0101 is not in mon_ids.txt.
Skipping this item because LAL0740 is not in mon_ids.txt.
Skipping this item because LAL0190 is not in mon_ids.txt.
Skipping this item because LAL1180 is not in mon_ids.txt.
Skipping this item because  LAL2820  is not in mon_ids.txt.
Skipping this item because THK0020 is not in mon_ids.txt.
Skipping this item because LAL2810  is not in mon_ids.txt.
Skipping this item because LAL4318 is not in mon_ids.txt.
Skipping this item because LAL0330 is not in mon_ids.txt.
Skipping this item because LAL4311 is not in mon_ids.txt.
Skipping this item because LAL2480  is not in mon_ids.txt.
Skipping this item because KAT2610 is not in mon_ids.txt.
Skipping this item because LAL0080 is not in mon_ids.txt.
Skipping this item because  LAL1150 is not in mon_ids.txt.
Skipping this item because LAL4157 is not in mon_ids.txt.
Skipping this item because LAL4104 is not in mon_ids.txt.
Skipping this item because KIR0010 is not in mon_ids.txt.
Skipping this item because DLK0090 is not in mon_ids.txt.
Skipping this item because LAL0991 is not in mon_ids.txt.
Skipping this item because CHO4040 is not in mon_ids.txt.
Skipping this item because LAL4085 is not in mon_ids.txt.
Skipping this item because LAL0800 is not in mon_ids.txt.
Skipping this item because KIR0008 is not in mon_ids.txt.
Skipping this item because LAL4144 is not in mon_ids.txt.
Skipping this item because KIR4002 is not in mon_ids.txt.
Skipping this item because KIR0056 is not in mon_ids.txt.
Skipping this item because SIJ0170 is not in mon_ids.txt.
Skipping this item because CHO4030 is not in mon_ids.txt.
Skipping this item because LAL2040 is not in mon_ids.txt.
Skipping this item because DDL0180 is not in mon_ids.txt.
Skipping this item because KAT2639  is not in mon_ids.txt.
Skipping this item because LAL2460 is not in mon_ids.txt.
Skipping this item because LAL4313 is not in mon_ids.txt.
Skipping this item because LAL4189 is not in mon_ids.txt.
Skipping this item because KAT0160 is not in mon_ids.txt.
Skipping this item because MUG0150 is not in mon_ids.txt.
Skipping this item because MUG0030 is not in mon_ids.txt.
Skipping this item because LAL1900 is not in mon_ids.txt.
Skipping this item because LAL4314 is not in mon_ids.txt.
Skipping this item because LAL1500 is not in mon_ids.txt.
Skipping this item because LAL4150 is not in mon_ids.txt.
Skipping this item because LAL0630 is not in mon_ids.txt.
Skipping this item because LAL4127 is not in mon_ids.txt.
Skipping this item because LAL0600 is not in mon_ids.txt.
Skipping this item because LAL4202 is not in mon_ids.txt.
Skipping this item because LAL1800 is not in mon_ids.txt.
Skipping this item because LAL1910 is not in mon_ids.txt.
Skipping this item because LAL1580 is not in mon_ids.txt.
Skipping this item because LAL4212 is not in mon_ids.txt.
Skipping this item because KIR0005 is not in mon_ids.txt.
Skipping this item because LAL1740 is not in mon_ids.txt.
Skipping this item because LAL4083 is not in mon_ids.txt.
Skipping this item because LAL1930 is not in mon_ids.txt.
Skipping this item because THK4001 is not in mon_ids.txt.
Skipping this item because LAL4010 is not in mon_ids.txt.
Skipping this item because LAL1000 is not in mon_ids.txt.
Skipping this item because KAT1181 is not in mon_ids.txt.
Skipping this item because LAL2250 is not in mon_ids.txt.
Skipping this item because KIR0026 is not in mon_ids.txt.
Skipping this item because LAL0750 is not in mon_ids.txt.
Skipping this item because LAL0191 is not in mon_ids.txt.
Skipping this item because LAL1280 is not in mon_ids.txt.
Skipping this item because MUG0100 is not in mon_ids.txt.
Skipping this item because KIR0062 is not in mon_ids.txt.
Skipping this item because DDL0020 is not in mon_ids.txt.
Skipping this item because BKT0090 is not in mon_ids.txt.
Skipping this item because LAL1501 is not in mon_ids.txt.
Skipping this item because LAL0995 is not in mon_ids.txt.
Skipping this item because KAT1030 is not in mon_ids.txt.
Skipping this item because BTD0060 is not in mon_ids.txt.
Skipping this item because SRK0041 is not in mon_ids.txt.
Skipping this item because LAL1801 is not in mon_ids.txt.
Skipping this item because LAL4164 is not in mon_ids.txt.
Skipping this item because LAL2760 is not in mon_ids.txt.
Skipping this item because SUN0240 is not in mon_ids.txt.
Skipping this item because LAL4243 is not in mon_ids.txt.
Skipping this item because LAL4231  is not in mon_ids.txt.
Skipping this item because LAL4043 is not in mon_ids.txt.
Skipping this item because KLK0002 is not in mon_ids.txt.
Skipping this item because LAL2120 is not in mon_ids.txt.
Skipping this item because KIR0063 is not in mon_ids.txt.
Skipping this item because KIR0006 is not in mon_ids.txt.
Skipping this item because KIR0059 is not in mon_ids.txt.
Skipping this item because LAL4047 is not in mon_ids.txt.
Skipping this item because  KLK0160  is not in mon_ids.txt.
Skipping this item because LAL2160 is not in mon_ids.txt.
Skipping this item because LAL4232 is not in mon_ids.txt.
Skipping this item because KIR0013 is not in mon_ids.txt.
Skipping this item because LAL4182 is not in mon_ids.txt.
Skipping this item because LAL4307 is not in mon_ids.txt.
Skipping this item because KAT0920  is not in mon_ids.txt.
Skipping this item because BKT0093 is not in mon_ids.txt.
Skipping this item because LAL4067 is not in mon_ids.txt.
Skipping this item because KLK0190 is not in mon_ids.txt.
Skipping this item because LAL1990 is not in mon_ids.txt.
Skipping this item because LAL1690 is not in mon_ids.txt.
Skipping this item because KIR0055 is not in mon_ids.txt.
Skipping this item because LAL0610 is not in mon_ids.txt.
Skipping this item because LAL4147 is not in mon_ids.txt.
Skipping this item because KIR0049 is not in mon_ids.txt.
Skipping this item because KLK0130 is not in mon_ids.txt.
Skipping this item because BKT0092 is not in mon_ids.txt.
Skipping this item because BKT0061 is not in mon_ids.txt.
Skipping this item because LAL1271 is not in mon_ids.txt.
Skipping this item because SOL0030 is not in mon_ids.txt.
Skipping this item because THI4001 is not in mon_ids.txt.
Skipping this item because LAL4200 is not in mon_ids.txt.
Skipping this item because LAL1111 is not in mon_ids.txt.
Skipping this item because LAL4119 is not in mon_ids.txt.
Skipping this item because LAL1770 is not in mon_ids.txt.
Skipping this item because LAL4126 is not in mon_ids.txt.
Skipping this item because LAL0650 is not in mon_ids.txt.
Skipping this item because LAL0841 is not in mon_ids.txt.
Skipping this item because LAL4141 is not in mon_ids.txt.
Skipping this item because LAL1660 is not in mon_ids.txt.
Skipping this item because LAL0933 is not in mon_ids.txt.
Skipping this item because BTD0030 is not in mon_ids.txt.
Skipping this item because LAL4154 is not in mon_ids.txt.
Skipping this item because LAL1050 is not in mon_ids.txt.
Skipping this item because KIR0067 is not in mon_ids.txt.
Skipping this item because BKT0070 is not in mon_ids.txt.
Skipping this item because LAL1810 is not in mon_ids.txt.
Skipping this item because LAL4175 is not in mon_ids.txt.
Skipping this item because KLK0120 is not in mon_ids.txt.
Skipping this item because LAL0730 is not in mon_ids.txt.
Skipping this item because LAL0850 is not in mon_ids.txt.
Skipping this item because LAL1560 is not in mon_ids.txt.
Skipping this item because LAL4163 is not in mon_ids.txt.
Skipping this item because LAL1540 is not in mon_ids.txt.
Skipping this item because KAT2606 is not in mon_ids.txt.
Skipping this item because KAT0890 is not in mon_ids.txt.
Skipping this item because LAL1300 is not in mon_ids.txt.
Skipping this item because SRK0060 is not in mon_ids.txt.
Skipping this item because LAL2780 is not in mon_ids.txt.
Skipping this item because LAL4146 is not in mon_ids.txt.
Skipping this item because KIR0064 is not in mon_ids.txt.
Skipping this item because LAL2720 is not in mon_ids.txt.
Skipping this item because SUN4011 is not in mon_ids.txt.
Skipping this item because LAL0140 is not in mon_ids.txt.
Skipping this item because SIJ0340 is not in mon_ids.txt.
Skipping this item because BKT0160 is not in mon_ids.txt.
Skipping this item because LAL4149 is not in mon_ids.txt.
Skipping this item because LAL0050 is not in mon_ids.txt.
Skipping this item because LAL1970 is not in mon_ids.txt.
Skipping this item because KIR4089 is not in mon_ids.txt.
Skipping this item because KIR0043 is not in mon_ids.txt.
Skipping this item because MUG0130 is not in mon_ids.txt.
Skipping this item because LAL2550 is not in mon_ids.txt.
Skipping this item because BAL4001 is not in mon_ids.txt.
Skipping this item because BAL0010 is not in mon_ids.txt.
Skipping this item because LAL4205 is not in mon_ids.txt.
Skipping this item because KAT2240 is not in mon_ids.txt.
Skipping this item because SUN0010 is not in mon_ids.txt.
Skipping this item because KAT0210 is not in mon_ids.txt.
Skipping this item because KAT0090 is not in mon_ids.txt.
Skipping this item because LAL1680 is not in mon_ids.txt.
Skipping this item because LAL4093 is not in mon_ids.txt.
Skipping this item because LAL1760 is not in mon_ids.txt.
Skipping this item because SUN4010 is not in mon_ids.txt.
Skipping this item because KIR0075 is not in mon_ids.txt.
Skipping this item because LAL1160 is not in mon_ids.txt.
Skipping this item because LAL0994 is not in mon_ids.txt.
Skipping this item because LAL4009 is not in mon_ids.txt.
Skipping this item because LAL2310 is not in mon_ids.txt.
Skipping this item because MUG0060 is not in mon_ids.txt.
Skipping this item because LAL4158 is not in mon_ids.txt.
Skipping this item because KAT0310 is not in mon_ids.txt.
Skipping this item because LAL1650 is not in mon_ids.txt.
Skipping this item because LAL1380 is not in mon_ids.txt.
Skipping this item because LAL2320 is not in mon_ids.txt.
Skipping this item because LAL4145 is not in mon_ids.txt.
Skipping this item because KIR0067 is not in mon_ids.txt.
Skipping this item because LAL2330 is not in mon_ids.txt.
Skipping this item because LAL4027 is not in mon_ids.txt.
Skipping this item because LAL4125 is not in mon_ids.txt.
Skipping this item because KIR4072 is not in mon_ids.txt.
Skipping this item because LAL2830 is not in mon_ids.txt.
Skipping this item because LAL0240 is not in mon_ids.txt.
Skipping this item because LAL0830 is not in mon_ids.txt.
Skipping this item because LAL0996 is not in mon_ids.txt.
Skipping this item because LAL4108 is not in mon_ids.txt.
Skipping this item because SUN4240 is not in mon_ids.txt.
Skipping this item because DLK0320 is not in mon_ids.txt.
Skipping this item because LAL0040 is not in mon_ids.txt.
Skipping this item because KIR0038 is not in mon_ids.txt.
Skipping this item because MUG0110 is not in mon_ids.txt.
Skipping this item because BAL0001 is not in mon_ids.txt.
Skipping this item because DDL0050 is not in mon_ids.txt.
Skipping this item because LAL1830 is not in mon_ids.txt.
Skipping this item because LAL2750 is not in mon_ids.txt.
Skipping this item because MUG0010 is not in mon_ids.txt.
Skipping this item because LAL4041 is not in mon_ids.txt.
Skipping this item because KAT2638 is not in mon_ids.txt.
Skipping this item because LAL2080 is not in mon_ids.txt.
Skipping this item because KIR4021 is not in mon_ids.txt.
Skipping this item because LAL4155 is not in mon_ids.txt.
Skipping this item because LAL4040 is not in mon_ids.txt.
Skipping this item because LAL4065 is not in mon_ids.txt.
Skipping this item because LAL2070  is not in mon_ids.txt.
Skipping this item because KIR0024 is not in mon_ids.txt.
Skipping this item because LAL1340 is not in mon_ids.txt.
Skipping this item because LAL4131 is not in mon_ids.txt.
Skipping this item because LAL2570 is not in mon_ids.txt.
Skipping this item because KIR4003 is not in mon_ids.txt.
Skipping this item because BTD0020 is not in mon_ids.txt.
Skipping this item because LAL4244 is not in mon_ids.txt.
Skipping this item because KIR0012 is not in mon_ids.txt.
Skipping this item because DLK0210 is not in mon_ids.txt.
Skipping this item because LAL1320 is not in mon_ids.txt.
Skipping this item because LAL4221 is not in mon_ids.txt.
Skipping this item because BKT0082 is not in mon_ids.txt.
Skipping this item because SOL0010 is not in mon_ids.txt.
Skipping this item because LAL0104 is not in mon_ids.txt.
Skipping this item because LAL0410 is not in mon_ids.txt.
Skipping this item because DLK0040 is not in mon_ids.txt.
Skipping this item because LAL2020 is not in mon_ids.txt.
Skipping this item because LAL0540 is not in mon_ids.txt.
Skipping this item because LAL4224  is not in mon_ids.txt.
Skipping this item because SUN4200 is not in mon_ids.txt.
Skipping this item because THK0022 is not in mon_ids.txt.
Skipping this item because LAL0770 is not in mon_ids.txt.
Skipping this item because LAL0700 is not in mon_ids.txt.
Skipping this item because KIR4076 is not in mon_ids.txt.
Skipping this item because LAL1920 is not in mon_ids.txt.
Skipping this item because LAL4042 is not in mon_ids.txt.
Skipping this item because LAL0170 is not in mon_ids.txt.
Skipping this item because KAT2631 is not in mon_ids.txt.
Skipping this item because KAT0820 is not in mon_ids.txt.
Skipping this item because LAL1870 is not in mon_ids.txt.
Skipping this item because LAL4152 is not in mon_ids.txt.
Skipping this item because BAL0011 is not in mon_ids.txt.
Skipping this item because LAL4315 is not in mon_ids.txt.
Skipping this item because LAL2740 is not in mon_ids.txt.
Skipping this item because KAT1051 is not in mon_ids.txt.
Skipping this item because LAL0440 is not in mon_ids.txt.
Skipping this item because WDZ0000 is not in mon_ids.txt.
Skipping this item because LAL0440 is not in mon_ids.txt.
Skipping this item because LAL1741 is not in mon_ids.txt.
Skipping this item because KIR4055 is not in mon_ids.txt.
Skipping this item because KIR0066 is not in mon_ids.txt.
Skipping this item because LAL0460 is not in mon_ids.txt.
Skipping this item because LAL4201 is not in mon_ids.txt.
Skipping this item because LAL2600 is not in mon_ids.txt.
Skipping this item because LAL0020 is not in mon_ids.txt.
Skipping this item because LAL4001 is not in mon_ids.txt.
Skipping this item because LAL0090 is not in mon_ids.txt.
Skipping this item because LAL1360 is not in mon_ids.txt.
Skipping this item because LAL1960 is not in mon_ids.txt.
Skipping this item because BUN4003 is not in mon_ids.txt.
Skipping this item because LAL2260 is not in mon_ids.txt.
Skipping this item because KIR0061 is not in mon_ids.txt.
Skipping this item because JUM0390 is not in mon_ids.txt.
Skipping this item because KIR4004 is not in mon_ids.txt.
Skipping this item because KIR0007 is not in mon_ids.txt.
Skipping this item because LAL0390 is not in mon_ids.txt.
Skipping this item because LAL2380 is not in mon_ids.txt.
Skipping this item because LAL0010 is not in mon_ids.txt.
Skipping this item because LAL4014 is not in mon_ids.txt.
Skipping this item because SRK0040 is not in mon_ids.txt.
Skipping this item because LAL4156 is not in mon_ids.txt.
Skipping this item because LAL2280 is not in mon_ids.txt.
Skipping this item because LAL2610 is not in mon_ids.txt.
Skipping this item because KIR4020 is not in mon_ids.txt.
Skipping this item because LAL0110 is not in mon_ids.txt.
Skipping this item because LAL4007 is not in mon_ids.txt.
Skipping this item because LAL1700 is not in mon_ids.txt.
Skipping this item because LAL0100 is not in mon_ids.txt.
Skipping this item because LAL2100 is not in mon_ids.txt.
Skipping this item because LAL1214 is not in mon_ids.txt.
Skipping this item because LAL0108 is not in mon_ids.txt.
Skipping this item because LAL0200 is not in mon_ids.txt.
Skipping this item because LAL2140  is not in mon_ids.txt.
Skipping this item because LAL2270 is not in mon_ids.txt.
Skipping this item because LAL2800 is not in mon_ids.txt.
Skipping this item because LAL4106 is not in mon_ids.txt.
Skipping this item because LAL4044 is not in mon_ids.txt.
Skipping this item because LAL1290 is not in mon_ids.txt.
Skipping this item because LAL0880 is not in mon_ids.txt.
Skipping this item because BKT0051 is not in mon_ids.txt.
Skipping this item because KAT3190 is not in mon_ids.txt.
Skipping this item because LAL4161 is not in mon_ids.txt.
Skipping this item because LAL0550 is not in mon_ids.txt.
Skipping this item because CHO4010 is not in mon_ids.txt.
Skipping this item because CHO4020 is not in mon_ids.txt.
Skipping this item because BKT0170 is not in mon_ids.txt.
Skipping this item because BUN0002 is not in mon_ids.txt.
Skipping this item because LAL0103 is not in mon_ids.txt.
Skipping this item because LAL1750 is not in mon_ids.txt.
Skipping this item because LAL0790 is not in mon_ids.txt.
Skipping this item because DLK0071 is not in mon_ids.txt.
Skipping this item because LAL4198 is not in mon_ids.txt.
Skipping this item because LAL1890 is not in mon_ids.txt.
Skipping this item because DLK0091 is not in mon_ids.txt.
Skipping this item because LAL4162 is not in mon_ids.txt.
Skipping this item because LAL1220 is not in mon_ids.txt.
Skipping this item because THK0010 is not in mon_ids.txt.
Skipping this item because DLK0121 is not in mon_ids.txt.
Skipping this item because LAL4186 is not in mon_ids.txt.
Skipping this item because BTD0050 is not in mon_ids.txt.
Skipping this item because SUN4220 is not in mon_ids.txt.
Skipping this item because LAL0970 is not in mon_ids.txt.
Skipping this item because SUN4070 is not in mon_ids.txt.
Skipping this item because LAL2230 is not in mon_ids.txt.
Skipping this item because LAL2670 is not in mon_ids.txt.
Skipping this item because LAL4208 is not in mon_ids.txt.
Skipping this item because LAL1240 is not in mon_ids.txt.
Skipping this item because LAL1720 is not in mon_ids.txt.
Skipping this item because BUN0001 is not in mon_ids.txt.
Skipping this item because DLK0122 is not in mon_ids.txt.
Skipping this item because KAT2571 is not in mon_ids.txt.
Skipping this item because LAL4094 is not in mon_ids.txt.
Skipping this item because KAT1240 is not in mon_ids.txt.
Skipping this item because LAL1100 is not in mon_ids.txt.
Skipping this item because BKT0100 is not in mon_ids.txt.
Skipping this item because BKT0110 is not in mon_ids.txt.
Skipping this item because BUN4001 is not in mon_ids.txt.
Skipping this item because LAL2730 is not in mon_ids.txt.
Skipping this item because BKT0120 is not in mon_ids.txt.
Skipping this item because BKT0094 is not in mon_ids.txt.
Skipping this item because LAL1480 is not in mon_ids.txt.
Skipping this item because LAL0992 is not in mon_ids.txt.
Skipping this item because KAT0950 is not in mon_ids.txt.
Skipping this item because MUG0160 is not in mon_ids.txt.
Skipping this item because SUN0040 is not in mon_ids.txt.
Skipping this item because LAL0041 is not in mon_ids.txt.
Skipping this item because LAL1051 is not in mon_ids.txt.
Skipping this item because KAT0980 is not in mon_ids.txt.
Skipping this item because KIR0060 is not in mon_ids.txt.
Skipping this item because THK0021 is not in mon_ids.txt.
Skipping this item because KAT1210 is not in mon_ids.txt.
Skipping this item because BAL0008 is not in mon_ids.txt.
Skipping this item because LAL1390 is not in mon_ids.txt.
Skipping this item because LAL4048 is not in mon_ids.txt.
Skipping this item because LAL4159 is not in mon_ids.txt.
Skipping this item because LAL1980 is not in mon_ids.txt.
Skipping this item because LAL2180 is not in mon_ids.txt.
Skipping this item because LAL1820 is not in mon_ids.txt.
Skipping this item because LAL0930 is not in mon_ids.txt.
Skipping this item because SOL0110 is not in mon_ids.txt.
Skipping this item because LAL1802 is not in mon_ids.txt.
Skipping this item because LAL1710 is not in mon_ids.txt.
Skipping this item because DLK0018 is not in mon_ids.txt.
Skipping this item because KIR0057 is not in mon_ids.txt.
Skipping this item because LAL2300 is not in mon_ids.txt.
Skipping this item because LAL4185 is not in mon_ids.txt.
Skipping this item because LAL1250 is not in mon_ids.txt.
Skipping this item because KLK0250 is not in mon_ids.txt.
Skipping this item because LAL4033 is not in mon_ids.txt.
Skipping this item because DLK0017 is not in mon_ids.txt.
Skipping this item because BKT0280 is not in mon_ids.txt.
Skipping this item because DLK0010 is not in mon_ids.txt.
Skipping this item because LAL0861 is not in mon_ids.txt.
Skipping this item because LAL4034 is not in mon_ids.txt.
Skipping this item because MUG0070 is not in mon_ids.txt.
Skipping this item because KLK0080 is not in mon_ids.txt.
Skipping this item because DLK0080 is not in mon_ids.txt.
Skipping this item because LAL1850 is not in mon_ids.txt.
Skipping this item because KAT3260 is not in mon_ids.txt.
Skipping this item because BAL0007 is not in mon_ids.txt.
Skipping this item because LAL4013 is not in mon_ids.txt.
Skipping this item because SRK0070 is not in mon_ids.txt.
Skipping this item because LAL2150 is not in mon_ids.txt.
Skipping this item because SRK0030 is not in mon_ids.txt.
Skipping this item because DLK0060 is not in mon_ids.txt.
Skipping this item because LAL2431 is not in mon_ids.txt.
Skipping this item because SRK0071 is not in mon_ids.txt.
Skipping this item because DDL0040 is not in mon_ids.txt.
Skipping this item because BAL0009 is not in mon_ids.txt.
Skipping this item because JUM0140 is not in mon_ids.txt.
Skipping this item because BKT0153 is not in mon_ids.txt.
Skipping this item because BTD0040 is not in mon_ids.txt.
Skipping this item because KAT0960 is not in mon_ids.txt.
Skipping this item because LAL4242 is not in mon_ids.txt.
Skipping this item because KAT2190 is not in mon_ids.txt.
Skipping this item because DLK0100 is not in mon_ids.txt.
Skipping this item because KIR0027 is not in mon_ids.txt.
Skipping this item because KIR4056 is not in mon_ids.txt.
Skipping this item because DLK0050 is not in mon_ids.txt.
Skipping this item because DDL0140 is not in mon_ids.txt.
Skipping this item because DLK0110 is not in mon_ids.txt.
Skipping this item because BKT0290 is not in mon_ids.txt.
Skipping this item because DLK0290 is not in mon_ids.txt.
Skipping this item because DLK0120 is not in mon_ids.txt.
Skipping this item because DLK0070 is not in mon_ids.txt.
Skipping this item because DLK0015 is not in mon_ids.txt.
Skipping this item because DLK0016 is not in mon_ids.txt.
Skipping this item because DLK0019 is not in mon_ids.txt.
Skipping this item because DLK0013 is not in mon_ids.txt.
Skipping this item because DLK0014 is not in mon_ids.txt.
Skipping this item because LAL4317 is not in mon_ids.txt.
